<?xml version="1.0" encoding="UTF-8"?>
<!-- Generated by org.testng.reporters.JUnitReportReporter -->
<testsuite skipped="1" hostname="DESKTOP-AF5L4ES" name="searchitems.DropDownMenuSearch" tests="1" failures="0" timestamp="27 May 2017 12:31:07 GMT" time="0.000" errors="0">
  <testcase name="searchMenu" time="0.000" classname="searchitems.DropDownMenuSearch">
    <skipped/>
  </testcase> <!-- searchMenu -->
</testsuite> <!-- searchitems.DropDownMenuSearch -->
