<?xml version="1.0" encoding="UTF-8"?>
<!-- Generated by org.testng.reporters.JUnitReportReporter -->
<testsuite skipped="0" hostname="DESKTOP-AF5L4ES" name="testSearch.TestMainMenus" tests="1" failures="0" timestamp="27 May 2017 15:32:21 GMT" time="40.811" errors="0">
  <testcase name="testRentMenu" time="40.811" classname="testSearch.TestMainMenus"/>
</testsuite> <!-- testSearch.TestMainMenus -->
